Arguments: 
  C:\Apps\nodejs\node.exe C:\Apps\Yarn\bin\yarn.js install

PATH: 
  C:\Program Files (x86)\NVIDIA Corporation\PhysX\Common;C:\WINDOWS\system32;C:\WINDOWS;C:\WINDOWS\System32\Wbem;C:\WINDOWS\System32\WindowsPowerShell\v1.0\;C:\Program Files (x86)\ATI Technologies\ATI.ACE\Core-Static;C:\Apps\Git\cmd;C:\Apps\nodejs\;C:\Program Files\RedHat\java-1.8.0-openjdk-1.8.0.161-1\bin;C:\Apps\Yarn\bin\;C:\Users\BenCu\AppData\Local\Microsoft\WindowsApps;;C:\Apps\VSCode\bin;C:\Users\BenCu\AppData\Roaming\npm;C:\Users\BenCu\AppData\Local\Yarn\bin

Yarn version: 
  1.5.1

Node version: 
  8.9.4

Platform: 
  win32 x64

npm manifest: 
  {
    "name": "cheeryclass",
    "version": "0.0.1",
    "license": "MIT",
    "scripts": {
      "ng": "ng",
      "start": "ng serve",
      "build": "ng build",
      "test": "ng test",
      "lint": "ng lint",
      "e2e": "ng e2e"
    },
    "private": true,
    "dependencies": {
      "@angular/animations": "^5.1.1",
      "@angular/common": "^5.1.1",
      "@angular/compiler": "^5.1.1",
      "@angular/core": "^5.1.1",
      "@angular/forms": "^5.1.1",
      "@angular/http": "^5.1.1",
      "@angular/platform-browser": "^5.1.1",
      "@angular/platform-browser-dynamic": "^5.1.1",
      "@angular/platform-server": "^5.1.1",
      "@angular/router": "^5.1.1",
      "@types/bootstrap-datepicker": "0.0.11",
      "@types/bootstrap.v3.datetimepicker": "^4.17.41",
      "@types/daterangepicker": "^2.1.10",
      "@types/icheck": "^0.8.29",
      "@types/jquery-knob": "^1.2.29",
      "@types/jquery.slimscroll": "^1.3.31",
      "@types/jqueryui": "^1.11.35",
      "admin-lte": "2.3.11",
      "bootstrap": "^3.3.7",
      "bootstrap-datepicker": "^1.7.1",
      "bootstrap3-wysihtml5-bower": "^0.3.3",
      "core-js": "^2.4.1",
      "daterangepicker": "^2.1.25",
      "font-awesome": "^4.7.0",
      "icheck": "^1.0.2",
      "install": "^0.10.1",
      "ionicons": "^3.0.0",
      "jquery": "^3.2.1",
      "jquery-knob": "^1.2.11",
      "jquery-slimscroll": "^1.3.8",
      "jquery-sparkline": "^2.4.0",
      "jqueryui": "^1.11.1",
      "moment": "^2.18.1",
      "morris.js": "^0.5.0",
      "npm": "^5.3.0",
      "raphael": "^2.2.7",
      "rxjs": "^5.5.5",
      "zone.js": "^0.8.17"
    },
    "devDependencies": {
      "@angular/cli": "1.6.0",
      "@angular/compiler-cli": "^5.1.1",
      "@angular/language-service": "^4.4.3",
      "@types/jasmine": "~2.8.2",
      "@types/jasminewd2": "~2.0.2",
      "@types/jquery": "^3.2.17",
      "@types/morris.js": "^0.5.6",
      "@types/node": "~8.5.1",
      "codelyzer": "^4.0.1",
      "jasmine-core": "~2.8.0",
      "jasmine-spec-reporter": "~4.2.1",
      "karma": "~1.7.0",
      "karma-chrome-launcher": "~2.1.1",
      "karma-cli": "~1.0.1",
      "karma-coverage-istanbul-reporter": "^1.3.0",
      "karma-jasmine": "~1.1.0",
      "karma-jasmine-html-reporter": "^0.2.2",
      "protractor": "~5.1.2",
      "ts-node": "~3.3.0",
      "tslint": "~5.7.0",
      "typescript": "^2.4.2"
    }
  }

yarn manifest: 
  No manifest

Lockfile: 
  No lockfile

Trace: 
  Error: connect EHOSTUNREACH 104.16.59.173:443
      at Object._errnoException (util.js:1022:11)
      at _exceptionWithHostPort (util.js:1044:20)
      at TCPConnectWrap.afterConnect [as oncomplete] (net.js:1182:14)
